#! /c/Source/iverilog-install/bin/vvp
:ivl_version "12.0 (devel)" "(s20150603-1110-g18392a46)";
:ivl_delay_selection "TYPICAL";
:vpi_time_precision + 0;
:vpi_module "C:\iverilog\lib\ivl\system.vpi";
:vpi_module "C:\iverilog\lib\ivl\vhdl_sys.vpi";
:vpi_module "C:\iverilog\lib\ivl\vhdl_textio.vpi";
:vpi_module "C:\iverilog\lib\ivl\v2005_math.vpi";
:vpi_module "C:\iverilog\lib\ivl\va_math.vpi";
S_0000027c5dc46fd0 .scope module, "auth_tb" "auth_tb" 2 1;
 .timescale 0 0;
v0000027c5dd7b820_0 .var "biometric_hash", 7 0;
v0000027c5dd7b8c0_0 .var "scan", 0 0;
v0000027c5dd7b960_0 .net "valid_voter", 0 0, v0000027c5dc472f0_0;  1 drivers
v0000027c5dd7ba00_0 .net "voter_index", 2 0, v0000027c5dd7b780_0;  1 drivers
S_0000027c5dc47160 .scope module, "uut" "auth_module" 2 9, 3 1 0, S_0000027c5dc46fd0;
 .timescale 0 0;
    .port_info 0 /INPUT 8 "biometric_hash";
    .port_info 1 /INPUT 1 "scan";
    .port_info 2 /OUTPUT 1 "valid_voter";
    .port_info 3 /OUTPUT 3 "voter_index";
v0000027c5dd7ad20_0 .net "biometric_hash", 7 0, v0000027c5dd7b820_0;  1 drivers
v0000027c5dc13740_0 .var/i "i", 31 0;
v0000027c5dc130e0_0 .net "scan", 0 0, v0000027c5dd7b8c0_0;  1 drivers
v0000027c5dc472f0_0 .var "valid_voter", 0 0;
v0000027c5dc47390 .array "voter_db", 7 0, 7 0;
v0000027c5dd7b780_0 .var "voter_index", 2 0;
v0000027c5dc47390_0 .array/port v0000027c5dc47390, 0;
v0000027c5dc47390_1 .array/port v0000027c5dc47390, 1;
E_0000027c5dc354b0/0 .event anyedge, v0000027c5dc130e0_0, v0000027c5dd7ad20_0, v0000027c5dc47390_0, v0000027c5dc47390_1;
v0000027c5dc47390_2 .array/port v0000027c5dc47390, 2;
v0000027c5dc47390_3 .array/port v0000027c5dc47390, 3;
v0000027c5dc47390_4 .array/port v0000027c5dc47390, 4;
v0000027c5dc47390_5 .array/port v0000027c5dc47390, 5;
E_0000027c5dc354b0/1 .event anyedge, v0000027c5dc47390_2, v0000027c5dc47390_3, v0000027c5dc47390_4, v0000027c5dc47390_5;
v0000027c5dc47390_6 .array/port v0000027c5dc47390, 6;
v0000027c5dc47390_7 .array/port v0000027c5dc47390, 7;
E_0000027c5dc354b0/2 .event anyedge, v0000027c5dc47390_6, v0000027c5dc47390_7;
E_0000027c5dc354b0 .event/or E_0000027c5dc354b0/0, E_0000027c5dc354b0/1, E_0000027c5dc354b0/2;
    .scope S_0000027c5dc47160;
T_0 ;
    %pushi/vec4 179, 0, 8;
    %ix/load 4, 0, 0;
    %flag_set/imm 4, 0;
    %store/vec4a v0000027c5dc47390, 4, 0;
    %pushi/vec4 85, 0, 8;
    %ix/load 4, 1, 0;
    %flag_set/imm 4, 0;
    %store/vec4a v0000027c5dc47390, 4, 0;
    %pushi/vec4 204, 0, 8;
    %ix/load 4, 2, 0;
    %flag_set/imm 4, 0;
    %store/vec4a v0000027c5dc47390, 4, 0;
    %pushi/vec4 51, 0, 8;
    %ix/load 4, 3, 0;
    %flag_set/imm 4, 0;
    %store/vec4a v0000027c5dc47390, 4, 0;
    %pushi/vec4 227, 0, 8;
    %ix/load 4, 4, 0;
    %flag_set/imm 4, 0;
    %store/vec4a v0000027c5dc47390, 4, 0;
    %pushi/vec4 30, 0, 8;
    %ix/load 4, 5, 0;
    %flag_set/imm 4, 0;
    %store/vec4a v0000027c5dc47390, 4, 0;
    %pushi/vec4 170, 0, 8;
    %ix/load 4, 6, 0;
    %flag_set/imm 4, 0;
    %store/vec4a v0000027c5dc47390, 4, 0;
    %pushi/vec4 102, 0, 8;
    %ix/load 4, 7, 0;
    %flag_set/imm 4, 0;
    %store/vec4a v0000027c5dc47390, 4, 0;
    %end;
    .thread T_0;
    .scope S_0000027c5dc47160;
T_1 ;
    %wait E_0000027c5dc354b0;
    %pushi/vec4 0, 0, 1;
    %store/vec4 v0000027c5dc472f0_0, 0, 1;
    %pushi/vec4 0, 0, 3;
    %store/vec4 v0000027c5dd7b780_0, 0, 3;
    %load/vec4 v0000027c5dc130e0_0;
    %flag_set/vec4 8;
    %jmp/0xz  T_1.0, 8;
    %pushi/vec4 0, 0, 32;
    %store/vec4 v0000027c5dc13740_0, 0, 32;
T_1.2 ;
    %load/vec4 v0000027c5dc13740_0;
    %cmpi/s 8, 0, 32;
    %jmp/0xz T_1.3, 5;
    %load/vec4 v0000027c5dd7ad20_0;
    %ix/getv/s 4, v0000027c5dc13740_0;
    %load/vec4a v0000027c5dc47390, 4;
    %cmp/e;
    %jmp/0xz  T_1.4, 4;
    %pushi/vec4 1, 0, 1;
    %store/vec4 v0000027c5dc472f0_0, 0, 1;
    %load/vec4 v0000027c5dc13740_0;
    %pad/s 3;
    %store/vec4 v0000027c5dd7b780_0, 0, 3;
T_1.4 ;
    %load/vec4 v0000027c5dc13740_0;
    %addi 1, 0, 32;
    %store/vec4 v0000027c5dc13740_0, 0, 32;
    %jmp T_1.2;
T_1.3 ;
T_1.0 ;
    %jmp T_1;
    .thread T_1, $push;
    .scope S_0000027c5dc46fd0;
T_2 ;
    %vpi_call 2 18 "$dumpfile", "auth_wave.vcd" {0 0 0};
    %vpi_call 2 19 "$dumpvars", 32'sb00000000000000000000000000000000, S_0000027c5dc46fd0 {0 0 0};
    %pushi/vec4 0, 0, 1;
    %store/vec4 v0000027c5dd7b8c0_0, 0, 1;
    %pushi/vec4 0, 0, 8;
    %store/vec4 v0000027c5dd7b820_0, 0, 8;
    %delay 10, 0;
    %pushi/vec4 1, 0, 1;
    %store/vec4 v0000027c5dd7b8c0_0, 0, 1;
    %pushi/vec4 179, 0, 8;
    %store/vec4 v0000027c5dd7b820_0, 0, 8;
    %delay 20, 0;
    %pushi/vec4 255, 0, 8;
    %store/vec4 v0000027c5dd7b820_0, 0, 8;
    %delay 20, 0;
    %pushi/vec4 51, 0, 8;
    %store/vec4 v0000027c5dd7b820_0, 0, 8;
    %delay 20, 0;
    %pushi/vec4 0, 0, 1;
    %store/vec4 v0000027c5dd7b8c0_0, 0, 1;
    %delay 20, 0;
    %vpi_call 2 44 "$finish" {0 0 0};
    %end;
    .thread T_2;
# The file index is used to find the file name in the following table.
:file_names 4;
    "N/A";
    "<interactive>";
    "auth_tb.v";
    "auth_module.v";
