#! /c/Source/iverilog-install/bin/vvp
:ivl_version "12.0 (devel)" "(s20150603-1110-g18392a46)";
:ivl_delay_selection "TYPICAL";
:vpi_time_precision + 0;
:vpi_module "C:\iverilog\lib\ivl\system.vpi";
:vpi_module "C:\iverilog\lib\ivl\vhdl_sys.vpi";
:vpi_module "C:\iverilog\lib\ivl\vhdl_textio.vpi";
:vpi_module "C:\iverilog\lib\ivl\v2005_math.vpi";
:vpi_module "C:\iverilog\lib\ivl\va_math.vpi";
:vpi_module "C:\iverilog\lib\ivl\v2009.vpi";
S_0000022715c64b10 .scope package, "$unit" "$unit" 2 1;
 .timescale 0 0;
S_0000022715c67c50 .scope module, "evm_system_tb" "evm_system_tb" 3 1;
 .timescale 0 0;
v0000022715ce3c50_0 .net "allow_vote", 0 0, v0000022715cdf9b0_0;  1 drivers
v0000022715ce2cb0_0 .var "biometric_hash", 7 0;
v0000022715ce3cf0_0 .net "candidate_A_votes", 7 0, v0000022715cdf550_0;  1 drivers
v0000022715ce3070_0 .net "candidate_B_votes", 7 0, v0000022715cdedd0_0;  1 drivers
v0000022715ce2670_0 .net "candidate_C_votes", 7 0, v0000022715cdf5f0_0;  1 drivers
v0000022715ce3250_0 .var "cast_vote", 0 0;
v0000022715ce2350_0 .var/i "file", 31 0;
v0000022715ce2710_0 .net "log_vote0", 1 0, v0000022715c77550_0;  1 drivers
v0000022715ce22b0_0 .net "log_vote1", 1 0, v0000022715c5f280_0;  1 drivers
v0000022715ce2850_0 .net "log_vote2", 1 0, v0000022715c7fae0_0;  1 drivers
v0000022715ce23f0_0 .net "log_vote3", 1 0, v0000022715c6cda0_0;  1 drivers
v0000022715ce3890_0 .net "log_vote4", 1 0, v0000022715c71b10_0;  1 drivers
v0000022715ce3f70_0 .net "log_vote5", 1 0, v0000022715c71bb0_0;  1 drivers
v0000022715ce2f30_0 .net "log_vote6", 1 0, v0000022715c71c50_0;  1 drivers
v0000022715ce2990_0 .net "log_vote7", 1 0, v0000022715c71cf0_0;  1 drivers
v0000022715ce3bb0_0 .net "log_voter0", 2 0, v0000022715c71d90_0;  1 drivers
v0000022715ce2530_0 .net "log_voter1", 2 0, v0000022715c71e30_0;  1 drivers
v0000022715ce28f0_0 .net "log_voter2", 2 0, v0000022715cdf410_0;  1 drivers
v0000022715ce4010_0 .net "log_voter3", 2 0, v0000022715cdef10_0;  1 drivers
v0000022715ce2170_0 .net "log_voter4", 2 0, v0000022715cdf910_0;  1 drivers
v0000022715ce2a30_0 .net "log_voter5", 2 0, v0000022715cdf870_0;  1 drivers
v0000022715ce2490_0 .net "log_voter6", 2 0, v0000022715cdfaf0_0;  1 drivers
v0000022715ce2ad0_0 .net "log_voter7", 2 0, v0000022715cdefb0_0;  1 drivers
v0000022715ce2b70_0 .net "nota_votes", 7 0, v0000022715ce2c10_0;  1 drivers
v0000022715ce2d50_0 .var "scan", 0 0;
v0000022715ce3570_0 .net "valid_voter", 0 0, v0000022715cdf730_0;  1 drivers
v0000022715ce2df0_0 .var "vote_sel", 1 0;
v0000022715ce39d0_0 .net "voter_index", 2 0, v0000022715cdf370_0;  1 drivers
S_0000022715c67de0 .scope module, "audit" "audit_log" 3 56, 4 1 0, S_0000022715c67c50;
 .timescale 0 0;
    .port_info 0 /INPUT 1 "allow_vote";
    .port_info 1 /INPUT 1 "cast_vote";
    .port_info 2 /INPUT 3 "voter_index";
    .port_info 3 /INPUT 2 "vote_sel";
    .port_info 4 /OUTPUT 3 "log_voter0";
    .port_info 5 /OUTPUT 3 "log_voter1";
    .port_info 6 /OUTPUT 3 "log_voter2";
    .port_info 7 /OUTPUT 3 "log_voter3";
    .port_info 8 /OUTPUT 3 "log_voter4";
    .port_info 9 /OUTPUT 3 "log_voter5";
    .port_info 10 /OUTPUT 3 "log_voter6";
    .port_info 11 /OUTPUT 3 "log_voter7";
    .port_info 12 /OUTPUT 2 "log_vote0";
    .port_info 13 /OUTPUT 2 "log_vote1";
    .port_info 14 /OUTPUT 2 "log_vote2";
    .port_info 15 /OUTPUT 2 "log_vote3";
    .port_info 16 /OUTPUT 2 "log_vote4";
    .port_info 17 /OUTPUT 2 "log_vote5";
    .port_info 18 /OUTPUT 2 "log_vote6";
    .port_info 19 /OUTPUT 2 "log_vote7";
v0000022715c5f160_0 .net "allow_vote", 0 0, v0000022715cdf9b0_0;  alias, 1 drivers
v0000022715c65140_0 .net "cast_vote", 0 0, v0000022715ce3250_0;  1 drivers
v0000022715c61740_0 .var "log_ptr", 2 0;
v0000022715c77550_0 .var "log_vote0", 1 0;
v0000022715c5f280_0 .var "log_vote1", 1 0;
v0000022715c7fae0_0 .var "log_vote2", 1 0;
v0000022715c6cda0_0 .var "log_vote3", 1 0;
v0000022715c71b10_0 .var "log_vote4", 1 0;
v0000022715c71bb0_0 .var "log_vote5", 1 0;
v0000022715c71c50_0 .var "log_vote6", 1 0;
v0000022715c71cf0_0 .var "log_vote7", 1 0;
v0000022715c71d90_0 .var "log_voter0", 2 0;
v0000022715c71e30_0 .var "log_voter1", 2 0;
v0000022715cdf410_0 .var "log_voter2", 2 0;
v0000022715cdef10_0 .var "log_voter3", 2 0;
v0000022715cdf910_0 .var "log_voter4", 2 0;
v0000022715cdf870_0 .var "log_voter5", 2 0;
v0000022715cdfaf0_0 .var "log_voter6", 2 0;
v0000022715cdefb0_0 .var "log_voter7", 2 0;
v0000022715cdf050_0 .net "vote_sel", 1 0, v0000022715ce2df0_0;  1 drivers
v0000022715cdf0f0_0 .net "voter_index", 2 0, v0000022715cdf370_0;  alias, 1 drivers
E_0000022715c5e070 .event posedge, v0000022715c65140_0;
S_0000022715cdfc50 .scope module, "auth" "auth_module" 3 26, 5 2 0, S_0000022715c67c50;
 .timescale 0 0;
    .port_info 0 /INPUT 8 "biometric_hash";
    .port_info 1 /INPUT 1 "scan";
    .port_info 2 /OUTPUT 1 "valid_voter";
    .port_info 3 /OUTPUT 3 "voter_index";
v0000022715cdf7d0_0 .net "biometric_hash", 7 0, v0000022715ce2cb0_0;  1 drivers
v0000022715cdfb90_0 .var/i "i", 31 0;
v0000022715cdf190_0 .net "scan", 0 0, v0000022715ce2d50_0;  1 drivers
v0000022715cdf730_0 .var "valid_voter", 0 0;
v0000022715cdec90 .array "voter_db", 7 0, 7 0;
v0000022715cdf370_0 .var "voter_index", 2 0;
v0000022715cdec90_0 .array/port v0000022715cdec90, 0;
v0000022715cdec90_1 .array/port v0000022715cdec90, 1;
E_0000022715c5d930/0 .event anyedge, v0000022715cdf190_0, v0000022715cdf7d0_0, v0000022715cdec90_0, v0000022715cdec90_1;
v0000022715cdec90_2 .array/port v0000022715cdec90, 2;
v0000022715cdec90_3 .array/port v0000022715cdec90, 3;
v0000022715cdec90_4 .array/port v0000022715cdec90, 4;
v0000022715cdec90_5 .array/port v0000022715cdec90, 5;
E_0000022715c5d930/1 .event anyedge, v0000022715cdec90_2, v0000022715cdec90_3, v0000022715cdec90_4, v0000022715cdec90_5;
v0000022715cdec90_6 .array/port v0000022715cdec90, 6;
v0000022715cdec90_7 .array/port v0000022715cdec90, 7;
E_0000022715c5d930/2 .event anyedge, v0000022715cdec90_6, v0000022715cdec90_7;
E_0000022715c5d930 .event/or E_0000022715c5d930/0, E_0000022715c5d930/1, E_0000022715c5d930/2;
S_0000022715ce0df0 .scope module, "lock" "voter_lock" 3 35, 6 1 0, S_0000022715c67c50;
 .timescale 0 0;
    .port_info 0 /INPUT 1 "valid_voter";
    .port_info 1 /INPUT 3 "voter_index";
    .port_info 2 /INPUT 1 "cast_vote";
    .port_info 3 /OUTPUT 1 "allow_vote";
v0000022715cdf9b0_0 .var "allow_vote", 0 0;
v0000022715cdf230_0 .net "cast_vote", 0 0, v0000022715ce3250_0;  alias, 1 drivers
v0000022715cdf4b0_0 .var/i "i", 31 0;
v0000022715cdfa50_0 .net "valid_voter", 0 0, v0000022715cdf730_0;  alias, 1 drivers
v0000022715cded30 .array "voted_flag", 7 0, 0 0;
v0000022715cdf2d0_0 .net "voter_index", 2 0, v0000022715cdf370_0;  alias, 1 drivers
v0000022715cded30_0 .array/port v0000022715cded30, 0;
v0000022715cded30_1 .array/port v0000022715cded30, 1;
E_0000022715c5da30/0 .event anyedge, v0000022715cdf730_0, v0000022715cdf0f0_0, v0000022715cded30_0, v0000022715cded30_1;
v0000022715cded30_2 .array/port v0000022715cded30, 2;
v0000022715cded30_3 .array/port v0000022715cded30, 3;
v0000022715cded30_4 .array/port v0000022715cded30, 4;
v0000022715cded30_5 .array/port v0000022715cded30, 5;
E_0000022715c5da30/1 .event anyedge, v0000022715cded30_2, v0000022715cded30_3, v0000022715cded30_4, v0000022715cded30_5;
v0000022715cded30_6 .array/port v0000022715cded30, 6;
v0000022715cded30_7 .array/port v0000022715cded30, 7;
E_0000022715c5da30/2 .event anyedge, v0000022715cded30_6, v0000022715cded30_7;
E_0000022715c5da30 .event/or E_0000022715c5da30/0, E_0000022715c5da30/1, E_0000022715c5da30/2;
S_0000022715ce1f90 .scope module, "vote" "vote_controller" 3 44, 7 1 0, S_0000022715c67c50;
 .timescale 0 0;
    .port_info 0 /INPUT 1 "allow_vote";
    .port_info 1 /INPUT 1 "cast_vote";
    .port_info 2 /INPUT 2 "vote_sel";
    .port_info 3 /OUTPUT 8 "candidate_A_votes";
    .port_info 4 /OUTPUT 8 "candidate_B_votes";
    .port_info 5 /OUTPUT 8 "candidate_C_votes";
    .port_info 6 /OUTPUT 8 "nota_votes";
v0000022715cdee70_0 .net "allow_vote", 0 0, v0000022715cdf9b0_0;  alias, 1 drivers
v0000022715cdf550_0 .var "candidate_A_votes", 7 0;
v0000022715cdedd0_0 .var "candidate_B_votes", 7 0;
v0000022715cdf5f0_0 .var "candidate_C_votes", 7 0;
v0000022715cdf690_0 .net "cast_vote", 0 0, v0000022715ce3250_0;  alias, 1 drivers
v0000022715ce2c10_0 .var "nota_votes", 7 0;
v0000022715ce27b0_0 .net "vote_sel", 1 0, v0000022715ce2df0_0;  alias, 1 drivers
    .scope S_0000022715cdfc50;
T_0 ;
    %pushi/vec4 179, 0, 8;
    %ix/load 4, 0, 0;
    %flag_set/imm 4, 0;
    %store/vec4a v0000022715cdec90, 4, 0;
    %pushi/vec4 85, 0, 8;
    %ix/load 4, 1, 0;
    %flag_set/imm 4, 0;
    %store/vec4a v0000022715cdec90, 4, 0;
    %pushi/vec4 204, 0, 8;
    %ix/load 4, 2, 0;
    %flag_set/imm 4, 0;
    %store/vec4a v0000022715cdec90, 4, 0;
    %pushi/vec4 51, 0, 8;
    %ix/load 4, 3, 0;
    %flag_set/imm 4, 0;
    %store/vec4a v0000022715cdec90, 4, 0;
    %pushi/vec4 227, 0, 8;
    %ix/load 4, 4, 0;
    %flag_set/imm 4, 0;
    %store/vec4a v0000022715cdec90, 4, 0;
    %pushi/vec4 30, 0, 8;
    %ix/load 4, 5, 0;
    %flag_set/imm 4, 0;
    %store/vec4a v0000022715cdec90, 4, 0;
    %pushi/vec4 170, 0, 8;
    %ix/load 4, 6, 0;
    %flag_set/imm 4, 0;
    %store/vec4a v0000022715cdec90, 4, 0;
    %end;
    .thread T_0;
    .scope S_0000022715cdfc50;
T_1 ;
    %wait E_0000022715c5d930;
    %pushi/vec4 0, 0, 1;
    %store/vec4 v0000022715cdf730_0, 0, 1;
    %pushi/vec4 0, 0, 3;
    %store/vec4 v0000022715cdf370_0, 0, 3;
    %load/vec4 v0000022715cdf190_0;
    %flag_set/vec4 8;
    %jmp/0xz  T_1.0, 8;
    %pushi/vec4 0, 0, 32;
    %store/vec4 v0000022715cdfb90_0, 0, 32;
T_1.2 ;
    %load/vec4 v0000022715cdfb90_0;
    %cmpi/s 8, 0, 32;
    %jmp/0xz T_1.3, 5;
    %load/vec4 v0000022715cdf7d0_0;
    %ix/getv/s 4, v0000022715cdfb90_0;
    %load/vec4a v0000022715cdec90, 4;
    %cmp/e;
    %jmp/0xz  T_1.4, 4;
    %pushi/vec4 1, 0, 1;
    %store/vec4 v0000022715cdf730_0, 0, 1;
    %load/vec4 v0000022715cdfb90_0;
    %pad/s 3;
    %store/vec4 v0000022715cdf370_0, 0, 3;
T_1.4 ;
    %load/vec4 v0000022715cdfb90_0;
    %addi 1, 0, 32;
    %store/vec4 v0000022715cdfb90_0, 0, 32;
    %jmp T_1.2;
T_1.3 ;
T_1.0 ;
    %jmp T_1;
    .thread T_1, $push;
    .scope S_0000022715ce0df0;
T_2 ;
    %pushi/vec4 0, 0, 32;
    %store/vec4 v0000022715cdf4b0_0, 0, 32;
T_2.0 ;
    %load/vec4 v0000022715cdf4b0_0;
    %cmpi/s 8, 0, 32;
    %jmp/0xz T_2.1, 5;
    %pushi/vec4 0, 0, 1;
    %ix/getv/s 4, v0000022715cdf4b0_0;
    %store/vec4a v0000022715cded30, 4, 0;
    %load/vec4 v0000022715cdf4b0_0;
    %addi 1, 0, 32;
    %store/vec4 v0000022715cdf4b0_0, 0, 32;
    %jmp T_2.0;
T_2.1 ;
    %end;
    .thread T_2;
    .scope S_0000022715ce0df0;
T_3 ;
    %wait E_0000022715c5da30;
    %load/vec4 v0000022715cdfa50_0;
    %load/vec4 v0000022715cdf2d0_0;
    %pad/u 5;
    %ix/vec4 4;
    %load/vec4a v0000022715cded30, 4;
    %pad/u 32;
    %pushi/vec4 0, 0, 32;
    %cmp/e;
    %flag_get/vec4 4;
    %and;
    %flag_set/vec4 8;
    %jmp/0xz  T_3.0, 8;
    %pushi/vec4 1, 0, 1;
    %store/vec4 v0000022715cdf9b0_0, 0, 1;
    %jmp T_3.1;
T_3.0 ;
    %pushi/vec4 0, 0, 1;
    %store/vec4 v0000022715cdf9b0_0, 0, 1;
T_3.1 ;
    %jmp T_3;
    .thread T_3, $push;
    .scope S_0000022715ce0df0;
T_4 ;
    %wait E_0000022715c5e070;
    %load/vec4 v0000022715cdfa50_0;
    %load/vec4 v0000022715cdf2d0_0;
    %pad/u 5;
    %ix/vec4 4;
    %load/vec4a v0000022715cded30, 4;
    %pad/u 32;
    %pushi/vec4 0, 0, 32;
    %cmp/e;
    %flag_get/vec4 4;
    %and;
    %flag_set/vec4 8;
    %jmp/0xz  T_4.0, 8;
    %pushi/vec4 1, 0, 1;
    %load/vec4 v0000022715cdf2d0_0;
    %pad/u 5;
    %ix/vec4 4;
    %store/vec4a v0000022715cded30, 4, 0;
T_4.0 ;
    %jmp T_4;
    .thread T_4;
    .scope S_0000022715ce1f90;
T_5 ;
    %pushi/vec4 0, 0, 8;
    %store/vec4 v0000022715cdf550_0, 0, 8;
    %pushi/vec4 0, 0, 8;
    %store/vec4 v0000022715cdedd0_0, 0, 8;
    %pushi/vec4 0, 0, 8;
    %store/vec4 v0000022715cdf5f0_0, 0, 8;
    %pushi/vec4 0, 0, 8;
    %store/vec4 v0000022715ce2c10_0, 0, 8;
    %end;
    .thread T_5;
    .scope S_0000022715ce1f90;
T_6 ;
    %wait E_0000022715c5e070;
    %load/vec4 v0000022715cdee70_0;
    %flag_set/vec4 8;
    %jmp/0xz  T_6.0, 8;
    %load/vec4 v0000022715ce27b0_0;
    %dup/vec4;
    %pushi/vec4 0, 0, 2;
    %cmp/u;
    %jmp/1 T_6.2, 6;
    %dup/vec4;
    %pushi/vec4 1, 0, 2;
    %cmp/u;
    %jmp/1 T_6.3, 6;
    %dup/vec4;
    %pushi/vec4 2, 0, 2;
    %cmp/u;
    %jmp/1 T_6.4, 6;
    %dup/vec4;
    %pushi/vec4 3, 0, 2;
    %cmp/u;
    %jmp/1 T_6.5, 6;
    %jmp T_6.6;
T_6.2 ;
    %load/vec4 v0000022715cdf550_0;
    %addi 1, 0, 8;
    %store/vec4 v0000022715cdf550_0, 0, 8;
    %jmp T_6.6;
T_6.3 ;
    %load/vec4 v0000022715cdedd0_0;
    %addi 1, 0, 8;
    %store/vec4 v0000022715cdedd0_0, 0, 8;
    %jmp T_6.6;
T_6.4 ;
    %load/vec4 v0000022715cdf5f0_0;
    %addi 1, 0, 8;
    %store/vec4 v0000022715cdf5f0_0, 0, 8;
    %jmp T_6.6;
T_6.5 ;
    %load/vec4 v0000022715ce2c10_0;
    %addi 1, 0, 8;
    %store/vec4 v0000022715ce2c10_0, 0, 8;
    %jmp T_6.6;
T_6.6 ;
    %pop/vec4 1;
T_6.0 ;
    %jmp T_6;
    .thread T_6;
    .scope S_0000022715c67de0;
T_7 ;
    %pushi/vec4 0, 0, 3;
    %store/vec4 v0000022715c61740_0, 0, 3;
    %end;
    .thread T_7;
    .scope S_0000022715c67de0;
T_8 ;
    %wait E_0000022715c5e070;
    %load/vec4 v0000022715c5f160_0;
    %flag_set/vec4 8;
    %jmp/0xz  T_8.0, 8;
    %load/vec4 v0000022715c61740_0;
    %dup/vec4;
    %pushi/vec4 0, 0, 3;
    %cmp/u;
    %jmp/1 T_8.2, 6;
    %dup/vec4;
    %pushi/vec4 1, 0, 3;
    %cmp/u;
    %jmp/1 T_8.3, 6;
    %dup/vec4;
    %pushi/vec4 2, 0, 3;
    %cmp/u;
    %jmp/1 T_8.4, 6;
    %dup/vec4;
    %pushi/vec4 3, 0, 3;
    %cmp/u;
    %jmp/1 T_8.5, 6;
    %dup/vec4;
    %pushi/vec4 4, 0, 3;
    %cmp/u;
    %jmp/1 T_8.6, 6;
    %dup/vec4;
    %pushi/vec4 5, 0, 3;
    %cmp/u;
    %jmp/1 T_8.7, 6;
    %dup/vec4;
    %pushi/vec4 6, 0, 3;
    %cmp/u;
    %jmp/1 T_8.8, 6;
    %dup/vec4;
    %pushi/vec4 7, 0, 3;
    %cmp/u;
    %jmp/1 T_8.9, 6;
    %jmp T_8.10;
T_8.2 ;
    %load/vec4 v0000022715cdf0f0_0;
    %store/vec4 v0000022715c71d90_0, 0, 3;
    %load/vec4 v0000022715cdf050_0;
    %store/vec4 v0000022715c77550_0, 0, 2;
    %jmp T_8.10;
T_8.3 ;
    %load/vec4 v0000022715cdf0f0_0;
    %store/vec4 v0000022715c71e30_0, 0, 3;
    %load/vec4 v0000022715cdf050_0;
    %store/vec4 v0000022715c5f280_0, 0, 2;
    %jmp T_8.10;
T_8.4 ;
    %load/vec4 v0000022715cdf0f0_0;
    %store/vec4 v0000022715cdf410_0, 0, 3;
    %load/vec4 v0000022715cdf050_0;
    %store/vec4 v0000022715c7fae0_0, 0, 2;
    %jmp T_8.10;
T_8.5 ;
    %load/vec4 v0000022715cdf0f0_0;
    %store/vec4 v0000022715cdef10_0, 0, 3;
    %load/vec4 v0000022715cdf050_0;
    %store/vec4 v0000022715c6cda0_0, 0, 2;
    %jmp T_8.10;
T_8.6 ;
    %load/vec4 v0000022715cdf0f0_0;
    %store/vec4 v0000022715cdf910_0, 0, 3;
    %load/vec4 v0000022715cdf050_0;
    %store/vec4 v0000022715c71b10_0, 0, 2;
    %jmp T_8.10;
T_8.7 ;
    %load/vec4 v0000022715cdf0f0_0;
    %store/vec4 v0000022715cdf870_0, 0, 3;
    %load/vec4 v0000022715cdf050_0;
    %store/vec4 v0000022715c71bb0_0, 0, 2;
    %jmp T_8.10;
T_8.8 ;
    %load/vec4 v0000022715cdf0f0_0;
    %store/vec4 v0000022715cdfaf0_0, 0, 3;
    %load/vec4 v0000022715cdf050_0;
    %store/vec4 v0000022715c71c50_0, 0, 2;
    %jmp T_8.10;
T_8.9 ;
    %load/vec4 v0000022715cdf0f0_0;
    %store/vec4 v0000022715cdefb0_0, 0, 3;
    %load/vec4 v0000022715cdf050_0;
    %store/vec4 v0000022715c71cf0_0, 0, 2;
    %jmp T_8.10;
T_8.10 ;
    %pop/vec4 1;
    %load/vec4 v0000022715c61740_0;
    %addi 1, 0, 3;
    %store/vec4 v0000022715c61740_0, 0, 3;
T_8.0 ;
    %jmp T_8;
    .thread T_8;
    .scope S_0000022715c67c50;
T_9 ;
    %vpi_call/w 3 75 "$dumpfile", "evm_wave.vcd" {0 0 0};
    %vpi_call/w 3 76 "$dumpvars", 32'sb00000000000000000000000000000000, S_0000022715c67c50 {0 0 0};
    %pushi/vec4 0, 0, 1;
    %store/vec4 v0000022715ce2d50_0, 0, 1;
    %pushi/vec4 0, 0, 1;
    %store/vec4 v0000022715ce3250_0, 0, 1;
    %pushi/vec4 0, 0, 2;
    %store/vec4 v0000022715ce2df0_0, 0, 2;
    %delay 10, 0;
    %pushi/vec4 1, 0, 1;
    %store/vec4 v0000022715ce2d50_0, 0, 1;
    %pushi/vec4 179, 0, 8;
    %store/vec4 v0000022715ce2cb0_0, 0, 8;
    %pushi/vec4 0, 0, 2;
    %store/vec4 v0000022715ce2df0_0, 0, 2;
    %delay 20, 0;
    %pushi/vec4 1, 0, 1;
    %store/vec4 v0000022715ce3250_0, 0, 1;
    %delay 10, 0;
    %pushi/vec4 0, 0, 1;
    %store/vec4 v0000022715ce3250_0, 0, 1;
    %delay 30, 0;
    %pushi/vec4 51, 0, 8;
    %store/vec4 v0000022715ce2cb0_0, 0, 8;
    %pushi/vec4 1, 0, 2;
    %store/vec4 v0000022715ce2df0_0, 0, 2;
    %delay 20, 0;
    %pushi/vec4 1, 0, 1;
    %store/vec4 v0000022715ce3250_0, 0, 1;
    %delay 10, 0;
    %pushi/vec4 0, 0, 1;
    %store/vec4 v0000022715ce3250_0, 0, 1;
    %delay 30, 0;
    %pushi/vec4 227, 0, 8;
    %store/vec4 v0000022715ce2cb0_0, 0, 8;
    %pushi/vec4 1, 0, 2;
    %store/vec4 v0000022715ce2df0_0, 0, 2;
    %delay 20, 0;
    %pushi/vec4 1, 0, 1;
    %store/vec4 v0000022715ce3250_0, 0, 1;
    %delay 10, 0;
    %pushi/vec4 0, 0, 1;
    %store/vec4 v0000022715ce3250_0, 0, 1;
    %delay 30, 0;
    %pushi/vec4 102, 0, 8;
    %store/vec4 v0000022715ce2cb0_0, 0, 8;
    %pushi/vec4 1, 0, 2;
    %store/vec4 v0000022715ce2df0_0, 0, 2;
    %delay 20, 0;
    %pushi/vec4 1, 0, 1;
    %store/vec4 v0000022715ce3250_0, 0, 1;
    %delay 10, 0;
    %pushi/vec4 0, 0, 1;
    %store/vec4 v0000022715ce3250_0, 0, 1;
    %delay 30, 0;
    %pushi/vec4 85, 0, 8;
    %store/vec4 v0000022715ce2cb0_0, 0, 8;
    %pushi/vec4 3, 0, 2;
    %store/vec4 v0000022715ce2df0_0, 0, 2;
    %delay 20, 0;
    %pushi/vec4 1, 0, 1;
    %store/vec4 v0000022715ce3250_0, 0, 1;
    %delay 10, 0;
    %pushi/vec4 0, 0, 1;
    %store/vec4 v0000022715ce3250_0, 0, 1;
    %delay 30, 0;
    %pushi/vec4 51, 0, 8;
    %store/vec4 v0000022715ce2cb0_0, 0, 8;
    %pushi/vec4 2, 0, 2;
    %store/vec4 v0000022715ce2df0_0, 0, 2;
    %delay 20, 0;
    %pushi/vec4 1, 0, 1;
    %store/vec4 v0000022715ce3250_0, 0, 1;
    %delay 10, 0;
    %pushi/vec4 0, 0, 1;
    %store/vec4 v0000022715ce3250_0, 0, 1;
    %delay 50, 0;
    %vpi_func 3 164 "$fopen" 32, "results.txt", "w" {0 0 0};
    %store/vec4 v0000022715ce2350_0, 0, 32;
    %vpi_call/w 3 166 "$fdisplay", v0000022715ce2350_0, "CandidateA=%d", v0000022715ce3cf0_0 {0 0 0};
    %vpi_call/w 3 167 "$fdisplay", v0000022715ce2350_0, "CandidateB=%d", v0000022715ce3070_0 {0 0 0};
    %vpi_call/w 3 168 "$fdisplay", v0000022715ce2350_0, "CandidateC=%d", v0000022715ce2670_0 {0 0 0};
    %vpi_call/w 3 169 "$fdisplay", v0000022715ce2350_0, "NOTA=%d", v0000022715ce2b70_0 {0 0 0};
    %vpi_call/w 3 171 "$fclose", v0000022715ce2350_0 {0 0 0};
    %delay 10, 0;
    %vpi_call/w 3 173 "$finish" {0 0 0};
    %end;
    .thread T_9;
# The file index is used to find the file name in the following table.
:file_names 8;
    "N/A";
    "<interactive>";
    "-";
    "evm_system_tb.v";
    "audit_log.v";
    "auth_module.v";
    "voter_lock.v";
    "vote_controller.v";
