#! /c/Source/iverilog-install/bin/vvp
:ivl_version "12.0 (devel)" "(s20150603-1110-g18392a46)";
:ivl_delay_selection "TYPICAL";
:vpi_time_precision + 0;
:vpi_module "C:\iverilog\lib\ivl\system.vpi";
:vpi_module "C:\iverilog\lib\ivl\vhdl_sys.vpi";
:vpi_module "C:\iverilog\lib\ivl\vhdl_textio.vpi";
:vpi_module "C:\iverilog\lib\ivl\v2005_math.vpi";
:vpi_module "C:\iverilog\lib\ivl\va_math.vpi";
S_000001fc6601d9d0 .scope module, "voter_lock_tb" "voter_lock_tb" 2 1;
 .timescale 0 0;
v000001fc6601b910_0 .net "allow_vote", 0 0, v000001fc65ed3760_0;  1 drivers
v000001fc6601b9b0_0 .var "cast_vote", 0 0;
v000001fc6601ba50_0 .var "valid_voter", 0 0;
v000001fc6601baf0_0 .var "voter_index", 2 0;
S_000001fc6601db60 .scope module, "uut" "voter_lock" 2 11, 3 1 0, S_000001fc6601d9d0;
 .timescale 0 0;
    .port_info 0 /INPUT 1 "valid_voter";
    .port_info 1 /INPUT 3 "voter_index";
    .port_info 2 /INPUT 1 "cast_vote";
    .port_info 3 /OUTPUT 1 "allow_vote";
v000001fc65ed3760_0 .var "allow_vote", 0 0;
v000001fc65ed30e0_0 .net "cast_vote", 0 0, v000001fc6601b9b0_0;  1 drivers
v000001fc6601ad30_0 .var/i "i", 31 0;
v000001fc6601add0_0 .net "valid_voter", 0 0, v000001fc6601ba50_0;  1 drivers
v000001fc6601dcf0 .array "voted_flag", 7 0, 0 0;
v000001fc6601dd90_0 .net "voter_index", 2 0, v000001fc6601baf0_0;  1 drivers
E_000001fc65f09ce0 .event posedge, v000001fc65ed30e0_0;
v000001fc6601dcf0_0 .array/port v000001fc6601dcf0, 0;
v000001fc6601dcf0_1 .array/port v000001fc6601dcf0, 1;
E_000001fc65f0a420/0 .event anyedge, v000001fc6601add0_0, v000001fc6601dd90_0, v000001fc6601dcf0_0, v000001fc6601dcf0_1;
v000001fc6601dcf0_2 .array/port v000001fc6601dcf0, 2;
v000001fc6601dcf0_3 .array/port v000001fc6601dcf0, 3;
v000001fc6601dcf0_4 .array/port v000001fc6601dcf0, 4;
v000001fc6601dcf0_5 .array/port v000001fc6601dcf0, 5;
E_000001fc65f0a420/1 .event anyedge, v000001fc6601dcf0_2, v000001fc6601dcf0_3, v000001fc6601dcf0_4, v000001fc6601dcf0_5;
v000001fc6601dcf0_6 .array/port v000001fc6601dcf0, 6;
v000001fc6601dcf0_7 .array/port v000001fc6601dcf0, 7;
E_000001fc65f0a420/2 .event anyedge, v000001fc6601dcf0_6, v000001fc6601dcf0_7;
E_000001fc65f0a420 .event/or E_000001fc65f0a420/0, E_000001fc65f0a420/1, E_000001fc65f0a420/2;
    .scope S_000001fc6601db60;
T_0 ;
    %pushi/vec4 0, 0, 32;
    %store/vec4 v000001fc6601ad30_0, 0, 32;
T_0.0 ;
    %load/vec4 v000001fc6601ad30_0;
    %cmpi/s 8, 0, 32;
    %jmp/0xz T_0.1, 5;
    %pushi/vec4 0, 0, 1;
    %ix/getv/s 4, v000001fc6601ad30_0;
    %store/vec4a v000001fc6601dcf0, 4, 0;
    %load/vec4 v000001fc6601ad30_0;
    %addi 1, 0, 32;
    %store/vec4 v000001fc6601ad30_0, 0, 32;
    %jmp T_0.0;
T_0.1 ;
    %end;
    .thread T_0;
    .scope S_000001fc6601db60;
T_1 ;
    %wait E_000001fc65f0a420;
    %load/vec4 v000001fc6601add0_0;
    %load/vec4 v000001fc6601dd90_0;
    %pad/u 5;
    %ix/vec4 4;
    %load/vec4a v000001fc6601dcf0, 4;
    %pad/u 32;
    %pushi/vec4 0, 0, 32;
    %cmp/e;
    %flag_get/vec4 4;
    %and;
    %flag_set/vec4 8;
    %jmp/0xz  T_1.0, 8;
    %pushi/vec4 1, 0, 1;
    %store/vec4 v000001fc65ed3760_0, 0, 1;
    %jmp T_1.1;
T_1.0 ;
    %pushi/vec4 0, 0, 1;
    %store/vec4 v000001fc65ed3760_0, 0, 1;
T_1.1 ;
    %jmp T_1;
    .thread T_1, $push;
    .scope S_000001fc6601db60;
T_2 ;
    %wait E_000001fc65f09ce0;
    %load/vec4 v000001fc6601add0_0;
    %load/vec4 v000001fc6601dd90_0;
    %pad/u 5;
    %ix/vec4 4;
    %load/vec4a v000001fc6601dcf0, 4;
    %pad/u 32;
    %pushi/vec4 0, 0, 32;
    %cmp/e;
    %flag_get/vec4 4;
    %and;
    %flag_set/vec4 8;
    %jmp/0xz  T_2.0, 8;
    %pushi/vec4 1, 0, 1;
    %load/vec4 v000001fc6601dd90_0;
    %pad/u 5;
    %ix/vec4 4;
    %store/vec4a v000001fc6601dcf0, 4, 0;
T_2.0 ;
    %jmp T_2;
    .thread T_2;
    .scope S_000001fc6601d9d0;
T_3 ;
    %vpi_call 2 20 "$dumpfile", "voter_lock_wave.vcd" {0 0 0};
    %vpi_call 2 21 "$dumpvars", 32'sb00000000000000000000000000000000, S_000001fc6601d9d0 {0 0 0};
    %pushi/vec4 0, 0, 1;
    %store/vec4 v000001fc6601ba50_0, 0, 1;
    %pushi/vec4 0, 0, 3;
    %store/vec4 v000001fc6601baf0_0, 0, 3;
    %pushi/vec4 0, 0, 1;
    %store/vec4 v000001fc6601b9b0_0, 0, 1;
    %delay 10, 0;
    %pushi/vec4 1, 0, 1;
    %store/vec4 v000001fc6601ba50_0, 0, 1;
    %pushi/vec4 3, 0, 3;
    %store/vec4 v000001fc6601baf0_0, 0, 3;
    %delay 20, 0;
    %pushi/vec4 1, 0, 1;
    %store/vec4 v000001fc6601b9b0_0, 0, 1;
    %delay 10, 0;
    %pushi/vec4 0, 0, 1;
    %store/vec4 v000001fc6601b9b0_0, 0, 1;
    %delay 20, 0;
    %pushi/vec4 1, 0, 1;
    %store/vec4 v000001fc6601ba50_0, 0, 1;
    %pushi/vec4 3, 0, 3;
    %store/vec4 v000001fc6601baf0_0, 0, 3;
    %delay 20, 0;
    %pushi/vec4 1, 0, 1;
    %store/vec4 v000001fc6601b9b0_0, 0, 1;
    %delay 10, 0;
    %pushi/vec4 0, 0, 1;
    %store/vec4 v000001fc6601b9b0_0, 0, 1;
    %delay 30, 0;
    %vpi_call 2 53 "$finish" {0 0 0};
    %end;
    .thread T_3;
# The file index is used to find the file name in the following table.
:file_names 4;
    "N/A";
    "<interactive>";
    "voter_lock_tb.v";
    "voter_lock.v";
